-- The C compiler identification is GNU 9.3.0
-- The CXX compiler identification is GNU 9.3.0
-- Check for working C compiler: /bin/cc
-- Check for working C compiler: /bin/cc -- works
-- Detecting C compiler ABI info
-- Detecting C compiler ABI info - done
-- Detecting C compile features
-- Detecting C compile features - done
-- Check for working CXX compiler: /bin/c++
-- Check for working CXX compiler: /bin/c++ -- works
-- Detecting CXX compiler ABI info
-- Detecting CXX compiler ABI info - done
-- Detecting CXX compile features
-- Detecting CXX compile features - done
-- Setting build type to 'Release' as none was specified.
-- Configuring done
-- Generating done
-- Build files have been written to: /thfs1/home/fengxu/Yusheng_Gao/GYS_Contraction/baryon_pi_rescattering_32Dfine/build
Scanning dependencies of target test
[ 50%] Building CXX object CMakeFiles/test.dir/main.cpp.o
